Removed Pin From Net: NetName=NetD16_3 Pin=D18-4
Removed Pin From Net: NetName=NetD16_2 Pin=D18-5
Change Footprint: Footprint Not Found APA_RGB_LED_2020
Change Footprint: Footprint Not Found APA_RGB_LED_2020
Change Footprint: Footprint Not Found APA_RGB_LED_2020
Change Footprint: Footprint Not Found APA_RGB_LED_2020
Change Footprint: Footprint Not Found APA_RGB_LED_2020
Change Footprint: Footprint Not Found APA_RGB_LED_2020
Change Footprint: Footprint Not Found APA_RGB_LED_2020
Change Footprint: Footprint Not Found APA_RGB_LED_2020
Change Footprint: Footprint Not Found APA_RGB_LED_2020
Change Footprint: Footprint Not Found APA_RGB_LED_2020
Change Footprint: Footprint Not Found APA_RGB_LED_2020
Change Footprint: Footprint Not Found APA_RGB_LED_2020
Change Footprint: Footprint Not Found APA_RGB_LED_2020
Change Footprint: Footprint Not Found APA_RGB_LED_2020
Change Footprint: Footprint Not Found APA_RGB_LED_2020
Change Footprint: Footprint Not Found APA_RGB_LED_2020
Change Footprint: Footprint Not Found APA_RGB_LED_2020
Change Footprint: Footprint Not Found APA_RGB_LED_2020
Change Footprint: Footprint Not Found APA_RGB_LED_2020
Change Footprint: Footprint Not Found APA_RGB_LED_2020
Change Footprint: Footprint Not Found APA_RGB_LED_2020
Change Footprint: Footprint Not Found APA_RGB_LED_2020
Change Footprint: Footprint Not Found APA_RGB_LED_2020
Change Footprint: Footprint Not Found APA_RGB_LED_2020
Change Footprint: Footprint Not Found APA_RGB_LED_2020
Change Footprint: Footprint Not Found APA_RGB_LED_2020
Change Footprint: Footprint Not Found APA_RGB_LED_2020
Change Footprint: Footprint Not Found APA_RGB_LED_2020
Change Footprint: Footprint Not Found APA_RGB_LED_2020
Change Footprint: Footprint Not Found APA_RGB_LED_2020
Change Footprint: Footprint Not Found APA_RGB_LED_2020
Change Footprint: Footprint Not Found APA_RGB_LED_2020
Change Footprint: Footprint Not Found APA_RGB_LED_2020
Change Footprint: Footprint Not Found APA_RGB_LED_2020
Change Footprint: Footprint Not Found APA_RGB_LED_2020
Change Footprint: Footprint Not Found APA_RGB_LED_2020
Change Footprint: Footprint Not Found APA_RGB_LED_2020
Change Footprint: Footprint Not Found APA_RGB_LED_2020
Change Footprint: Footprint Not Found APA_RGB_LED_2020
Change Footprint: Footprint Not Found APA_RGB_LED_2020
Change Footprint: Footprint Not Found APA_RGB_LED_2020
Change Footprint: Footprint Not Found APA_RGB_LED_2020
Change Footprint: Footprint Not Found APA_RGB_LED_2020
Change Footprint: Footprint Not Found APA_RGB_LED_2020
Change Footprint: Footprint Not Found APA_RGB_LED_2020
Change Footprint: Footprint Not Found APA_RGB_LED_2020
Change Footprint: Footprint Not Found APA_RGB_LED_2020
Change Footprint: Footprint Not Found APA_RGB_LED_2020
Change Footprint: Footprint Not Found APA_RGB_LED_2020
Add Component: Footprint Not Found CAPC0603(1608)55_N
Add Component: Footprint Not Found CAPC0603(1608)55_N
Add Component: Footprint Not Found CAPC0603(1608)55_N
Add Component: Footprint Not Found CAPC0603(1608)55_N
Add Component: Footprint Not Found CAPC0603(1608)55_N
Add Component: Footprint Not Found CAPC0603(1608)55_N
Add Component: Footprint Not Found CAPC0603(1608)55_N
Add Component: Footprint Not Found CAPC0603(1608)55_N
Add Component: Footprint Not Found CAPC0603(1608)55_N
Add Component: Footprint Not Found CAPC0603(1608)55_N
Add Component: Footprint Not Found CAPC0603(1608)55_N
Add Component: Footprint Not Found CAPC0603(1608)55_N
Add Component: Footprint Not Found CAPC0603(1608)55_N
Add Component: Footprint Not Found CAPC0603(1608)55_N
Add Component: Footprint Not Found APA_RGB_LED_2020
Add Component: Footprint Not Found APA_RGB_LED_2020
Add Component: Footprint Not Found APA_RGB_LED_2020
Add Component: Footprint Not Found APA_RGB_LED_2020
Add Component: Footprint Not Found APA_RGB_LED_2020
Add Component: Footprint Not Found APA_RGB_LED_2020
Add Component: Footprint Not Found APA_RGB_LED_2020
Add Component: Footprint Not Found APA_RGB_LED_2020
Add Component: Footprint Not Found APA_RGB_LED_2020
Add Component: Footprint Not Found APA_RGB_LED_2020
Add Component: Footprint Not Found APA_RGB_LED_2020
Add Component: Footprint Not Found APA_RGB_LED_2020
Add Component: Footprint Not Found APA_RGB_LED_2020
Add Component: Footprint Not Found APA_RGB_LED_2020
Add Component: Footprint Not Found APA_RGB_LED_2020
Add Component: Footprint Not Found APA_RGB_LED_2020
Add Component: Footprint Not Found APA_RGB_LED_2020
Add Component: Footprint Not Found APA_RGB_LED_2020
Add Component: Footprint Not Found APA_RGB_LED_2020
Add Component: Footprint Not Found APA_RGB_LED_2020
Add Component: Footprint Not Found APA_RGB_LED_2020
Add Component: Footprint Not Found APA_RGB_LED_2020
Add Component: Footprint Not Found APA_RGB_LED_2020
Add Component: Footprint Not Found APA_RGB_LED_2020
Add Component: Footprint Not Found APA_RGB_LED_2020
Add Component: Footprint Not Found APA_RGB_LED_2020
Add Component: Footprint Not Found APA_RGB_LED_2020
Add Component: Footprint Not Found APA_RGB_LED_2020
Add Component: Footprint Not Found APA_RGB_LED_2020
Add Component: Footprint Not Found APA_RGB_LED_2020
Add Component: Footprint Not Found APA_RGB_LED_2020
Add Component: Footprint Not Found APA_RGB_LED_2020
Add Component: Footprint Not Found APA_RGB_LED_2020
Add Component: Footprint Not Found APA_RGB_LED_2020
Add Component: Footprint Not Found Imponatornaal_liten
Add Component: Footprint Not Found Imponatornaal_liten
Add Component: Footprint Not Found Imponatornaal_liten
Add Pin To Net: Unknown Pin: Pin C15-1
Add Pin To Net: Unknown Pin: Pin C15-2
Add Pin To Net: Unknown Pin: Pin C17-1
Add Pin To Net: Unknown Pin: Pin C17-2
Add Pin To Net: Unknown Pin: Pin C18-1
Add Pin To Net: Unknown Pin: Pin C18-2
Add Pin To Net: Unknown Pin: Pin C19-1
Add Pin To Net: Unknown Pin: Pin C19-2
Add Pin To Net: Unknown Pin: Pin C20-1
Add Pin To Net: Unknown Pin: Pin C20-2
Add Pin To Net: Unknown Pin: Pin C21-1
Add Pin To Net: Unknown Pin: Pin C21-2
Add Pin To Net: Unknown Pin: Pin C22-1
Add Pin To Net: Unknown Pin: Pin C22-2
Add Pin To Net: Unknown Pin: Pin C23-1
Add Pin To Net: Unknown Pin: Pin C23-2
Add Pin To Net: Unknown Pin: Pin C24-1
Add Pin To Net: Unknown Pin: Pin C24-2
Add Pin To Net: Unknown Pin: Pin C25-1
Add Pin To Net: Unknown Pin: Pin C25-2
Add Pin To Net: Unknown Pin: Pin C26-1
Add Pin To Net: Unknown Pin: Pin C26-2
Add Pin To Net: Unknown Pin: Pin C27-1
Add Pin To Net: Unknown Pin: Pin C27-2
Add Pin To Net: Unknown Pin: Pin C28-1
Add Pin To Net: Unknown Pin: Pin C28-2
Add Pin To Net: Unknown Pin: Pin C29-1
Add Pin To Net: Unknown Pin: Pin C29-2
Added Pin To Net: NetName=NetD16_3 Pin=D17-4
Added Pin To Net: NetName=NetD16_2 Pin=D17-5
Add Pin To Net: Unknown Pin: Pin D50-1
Add Pin To Net: Unknown Pin: Pin D50-2
Add Pin To Net: Unknown Pin: Pin D50-3
Add Pin To Net: Unknown Pin: Pin D50-4
Add Pin To Net: Unknown Pin: Pin D50-5
Add Pin To Net: Unknown Pin: Pin D50-6
Add Pin To Net: Unknown Pin: Pin D51-1
Add Pin To Net: Unknown Pin: Pin D51-2
Add Pin To Net: Unknown Pin: Pin D51-3
Add Pin To Net: Unknown Pin: Pin D51-4
Add Pin To Net: Unknown Pin: Pin D51-5
Add Pin To Net: Unknown Pin: Pin D51-6
Add Pin To Net: Unknown Pin: Pin D52-1
Add Pin To Net: Unknown Pin: Pin D52-2
Add Pin To Net: Unknown Pin: Pin D52-3
Add Pin To Net: Unknown Pin: Pin D52-4
Add Pin To Net: Unknown Pin: Pin D52-5
Add Pin To Net: Unknown Pin: Pin D52-6
Add Pin To Net: Unknown Pin: Pin D53-1
Add Pin To Net: Unknown Pin: Pin D53-2
Add Pin To Net: Unknown Pin: Pin D53-3
Add Pin To Net: Unknown Pin: Pin D53-4
Add Pin To Net: Unknown Pin: Pin D53-5
Add Pin To Net: Unknown Pin: Pin D53-6
Add Pin To Net: Unknown Pin: Pin D54-1
Add Pin To Net: Unknown Pin: Pin D54-2
Add Pin To Net: Unknown Pin: Pin D54-3
Add Pin To Net: Unknown Pin: Pin D54-4
Add Pin To Net: Unknown Pin: Pin D54-5
Add Pin To Net: Unknown Pin: Pin D54-6
Add Pin To Net: Unknown Pin: Pin D55-1
Add Pin To Net: Unknown Pin: Pin D55-2
Add Pin To Net: Unknown Pin: Pin D55-3
Add Pin To Net: Unknown Pin: Pin D55-4
Add Pin To Net: Unknown Pin: Pin D55-5
Add Pin To Net: Unknown Pin: Pin D55-6
Add Pin To Net: Unknown Pin: Pin D56-1
Add Pin To Net: Unknown Pin: Pin D56-2
Add Pin To Net: Unknown Pin: Pin D56-3
Add Pin To Net: Unknown Pin: Pin D56-4
Add Pin To Net: Unknown Pin: Pin D56-5
Add Pin To Net: Unknown Pin: Pin D56-6
Add Pin To Net: Unknown Pin: Pin D57-1
Add Pin To Net: Unknown Pin: Pin D57-2
Add Pin To Net: Unknown Pin: Pin D57-3
Add Pin To Net: Unknown Pin: Pin D57-4
Add Pin To Net: Unknown Pin: Pin D57-5
Add Pin To Net: Unknown Pin: Pin D57-6
Add Pin To Net: Unknown Pin: Pin D58-1
Add Pin To Net: Unknown Pin: Pin D58-2
Add Pin To Net: Unknown Pin: Pin D58-3
Add Pin To Net: Unknown Pin: Pin D58-4
Add Pin To Net: Unknown Pin: Pin D58-5
Add Pin To Net: Unknown Pin: Pin D58-6
Add Pin To Net: Unknown Pin: Pin D59-1
Add Pin To Net: Unknown Pin: Pin D59-2
Add Pin To Net: Unknown Pin: Pin D59-3
Add Pin To Net: Unknown Pin: Pin D59-4
Add Pin To Net: Unknown Pin: Pin D59-5
Add Pin To Net: Unknown Pin: Pin D59-6
Add Pin To Net: Unknown Pin: Pin D60-1
Add Pin To Net: Unknown Pin: Pin D60-2
Add Pin To Net: Unknown Pin: Pin D60-3
Add Pin To Net: Unknown Pin: Pin D60-4
Add Pin To Net: Unknown Pin: Pin D60-5
Add Pin To Net: Unknown Pin: Pin D60-6
Add Pin To Net: Unknown Pin: Pin D61-1
Add Pin To Net: Unknown Pin: Pin D61-2
Add Pin To Net: Unknown Pin: Pin D61-3
Add Pin To Net: Unknown Pin: Pin D61-4
Add Pin To Net: Unknown Pin: Pin D61-5
Add Pin To Net: Unknown Pin: Pin D61-6
Add Pin To Net: Unknown Pin: Pin D62-1
Add Pin To Net: Unknown Pin: Pin D62-2
Add Pin To Net: Unknown Pin: Pin D62-3
Add Pin To Net: Unknown Pin: Pin D62-4
Add Pin To Net: Unknown Pin: Pin D62-5
Add Pin To Net: Unknown Pin: Pin D62-6
Add Pin To Net: Unknown Pin: Pin D63-1
Add Pin To Net: Unknown Pin: Pin D63-2
Add Pin To Net: Unknown Pin: Pin D63-3
Add Pin To Net: Unknown Pin: Pin D63-4
Add Pin To Net: Unknown Pin: Pin D63-5
Add Pin To Net: Unknown Pin: Pin D63-6
Add Pin To Net: Unknown Pin: Pin D64-1
Add Pin To Net: Unknown Pin: Pin D64-2
Add Pin To Net: Unknown Pin: Pin D64-3
Add Pin To Net: Unknown Pin: Pin D64-4
Add Pin To Net: Unknown Pin: Pin D64-5
Add Pin To Net: Unknown Pin: Pin D64-6
Add Pin To Net: Unknown Pin: Pin D65-1
Add Pin To Net: Unknown Pin: Pin D65-2
Add Pin To Net: Unknown Pin: Pin D65-3
Add Pin To Net: Unknown Pin: Pin D65-4
Add Pin To Net: Unknown Pin: Pin D65-5
Add Pin To Net: Unknown Pin: Pin D65-6
Add Pin To Net: Unknown Pin: Pin D66-1
Add Pin To Net: Unknown Pin: Pin D66-2
Add Pin To Net: Unknown Pin: Pin D66-3
Add Pin To Net: Unknown Pin: Pin D66-4
Add Pin To Net: Unknown Pin: Pin D66-5
Add Pin To Net: Unknown Pin: Pin D66-6
Add Pin To Net: Unknown Pin: Pin D67-1
Add Pin To Net: Unknown Pin: Pin D67-2
Add Pin To Net: Unknown Pin: Pin D67-3
Add Pin To Net: Unknown Pin: Pin D67-4
Add Pin To Net: Unknown Pin: Pin D67-5
Add Pin To Net: Unknown Pin: Pin D67-6
Add Pin To Net: Unknown Pin: Pin D68-1
Add Pin To Net: Unknown Pin: Pin D68-2
Add Pin To Net: Unknown Pin: Pin D68-3
Add Pin To Net: Unknown Pin: Pin D68-4
Add Pin To Net: Unknown Pin: Pin D68-5
Add Pin To Net: Unknown Pin: Pin D68-6
Add Pin To Net: Unknown Pin: Pin D69-1
Add Pin To Net: Unknown Pin: Pin D69-2
Add Pin To Net: Unknown Pin: Pin D69-3
Add Pin To Net: Unknown Pin: Pin D69-4
Add Pin To Net: Unknown Pin: Pin D69-5
Add Pin To Net: Unknown Pin: Pin D69-6
Add Pin To Net: Unknown Pin: Pin D70-1
Add Pin To Net: Unknown Pin: Pin D70-2
Add Pin To Net: Unknown Pin: Pin D70-3
Add Pin To Net: Unknown Pin: Pin D70-4
Add Pin To Net: Unknown Pin: Pin D70-5
Add Pin To Net: Unknown Pin: Pin D70-6
Add Pin To Net: Unknown Pin: Pin D71-1
Add Pin To Net: Unknown Pin: Pin D71-2
Add Pin To Net: Unknown Pin: Pin D71-3
Add Pin To Net: Unknown Pin: Pin D71-4
Add Pin To Net: Unknown Pin: Pin D71-5
Add Pin To Net: Unknown Pin: Pin D71-6
Add Pin To Net: Unknown Pin: Pin D72-1
Add Pin To Net: Unknown Pin: Pin D72-2
Add Pin To Net: Unknown Pin: Pin D72-3
Add Pin To Net: Unknown Pin: Pin D72-4
Add Pin To Net: Unknown Pin: Pin D72-5
Add Pin To Net: Unknown Pin: Pin D72-6
Add Pin To Net: Unknown Pin: Pin D73-1
Add Pin To Net: Unknown Pin: Pin D73-2
Add Pin To Net: Unknown Pin: Pin D73-3
Add Pin To Net: Unknown Pin: Pin D73-4
Add Pin To Net: Unknown Pin: Pin D73-5
Add Pin To Net: Unknown Pin: Pin D73-6
Add Pin To Net: Unknown Pin: Pin D74-1
Add Pin To Net: Unknown Pin: Pin D74-2
Add Pin To Net: Unknown Pin: Pin D74-3
Add Pin To Net: Unknown Pin: Pin D74-4
Add Pin To Net: Unknown Pin: Pin D74-5
Add Pin To Net: Unknown Pin: Pin D74-6
Add Pin To Net: Unknown Pin: Pin D75-1
Add Pin To Net: Unknown Pin: Pin D75-2
Add Pin To Net: Unknown Pin: Pin D75-3
Add Pin To Net: Unknown Pin: Pin D75-4
Add Pin To Net: Unknown Pin: Pin D75-5
Add Pin To Net: Unknown Pin: Pin D75-6
Add Pin To Net: Unknown Pin: Pin D76-1
Add Pin To Net: Unknown Pin: Pin D76-2
Add Pin To Net: Unknown Pin: Pin D76-3
Add Pin To Net: Unknown Pin: Pin D76-4
Add Pin To Net: Unknown Pin: Pin D76-5
Add Pin To Net: Unknown Pin: Pin D76-6
Add Pin To Net: Unknown Pin: Pin D77-1
Add Pin To Net: Unknown Pin: Pin D77-2
Add Pin To Net: Unknown Pin: Pin D77-3
Add Pin To Net: Unknown Pin: Pin D77-4
Add Pin To Net: Unknown Pin: Pin D77-5
Add Pin To Net: Unknown Pin: Pin D77-6
Add Pin To Net: Unknown Pin: Pin D78-1
Add Pin To Net: Unknown Pin: Pin D78-2
Add Pin To Net: Unknown Pin: Pin D78-3
Add Pin To Net: Unknown Pin: Pin D78-4
Add Pin To Net: Unknown Pin: Pin D78-5
Add Pin To Net: Unknown Pin: Pin D78-6
Add Pin To Net: Unknown Pin: Pin D79-1
Add Pin To Net: Unknown Pin: Pin D79-2
Add Pin To Net: Unknown Pin: Pin D79-3
Add Pin To Net: Unknown Pin: Pin D79-4
Add Pin To Net: Unknown Pin: Pin D79-5
Add Pin To Net: Unknown Pin: Pin D79-6
Add Pin To Net: Unknown Pin: Pin D80-1
Add Pin To Net: Unknown Pin: Pin D80-2
Add Pin To Net: Unknown Pin: Pin D80-3
Add Pin To Net: Unknown Pin: Pin D80-4
Add Pin To Net: Unknown Pin: Pin D80-5
Add Pin To Net: Unknown Pin: Pin D80-6
Add Pin To Net: Unknown Pin: Pin D81-1
Add Pin To Net: Unknown Pin: Pin D81-2
Add Pin To Net: Unknown Pin: Pin D81-3
Add Pin To Net: Unknown Pin: Pin D81-4
Add Pin To Net: Unknown Pin: Pin D81-5
Add Pin To Net: Unknown Pin: Pin D81-6
Add Pin To Net: Unknown Pin: Pin D82-1
Add Pin To Net: Unknown Pin: Pin D82-2
Add Pin To Net: Unknown Pin: Pin D82-3
Add Pin To Net: Unknown Pin: Pin D82-4
Add Pin To Net: Unknown Pin: Pin D82-5
Add Pin To Net: Unknown Pin: Pin D82-6
Add Pin To Net: Unknown Pin: Pin D83-1
Add Pin To Net: Unknown Pin: Pin D83-4
Add Pin To Net: Unknown Pin: Pin D83-5
Add Pin To Net: Unknown Pin: Pin D83-6
Added Pin To Net: NetName=NetD17_2 Pin=D17-2
Added Pin To Net: NetName=NetD17_2 Pin=D18-5
Added Net: Name=NetD17_2
Added Pin To Net: NetName=NetD17_3 Pin=D17-3
Added Pin To Net: NetName=NetD17_3 Pin=D18-4
Added Net: Name=NetD17_3
Add Class Member: Failed to add class member : Component C15 100nF
Add Class Member: Failed to add class member : Component C17 100nF
Add Class Member: Failed to add class member : Component C18 100nF
Add Class Member: Failed to add class member : Component C19 100nF
Add Class Member: Failed to add class member : Component C20 100nF
Add Class Member: Failed to add class member : Component C21 100nF
Add Class Member: Failed to add class member : Component C22 100nF
Add Class Member: Failed to add class member : Component C23 100nF
Add Class Member: Failed to add class member : Component C24 100nF
Add Class Member: Failed to add class member : Component C25 100nF
Add Class Member: Failed to add class member : Component C26 100nF
Add Class Member: Failed to add class member : Component C27 100nF
Add Class Member: Failed to add class member : Component C28 100nF
Add Class Member: Failed to add class member : Component C29 100nF
Added Member To Class: ClassName=LEDs Member=Component D2 APA102 2020
Added Member To Class: ClassName=LEDs Member=Component D3 APA102 2020
Added Member To Class: ClassName=LEDs Member=Component D4 APA102 2020
Added Member To Class: ClassName=LEDs Member=Component D5 APA102 2020
Added Member To Class: ClassName=LEDs Member=Component D6 APA102 2020
Added Member To Class: ClassName=LEDs Member=Component D7 APA102 2020
Added Member To Class: ClassName=LEDs Member=Component D8 APA102 2020
Added Member To Class: ClassName=LEDs Member=Component D9 APA102 2020
Added Member To Class: ClassName=LEDs Member=Component D10 APA102 2020
Added Member To Class: ClassName=LEDs Member=Component D12 APA102 2020
Added Member To Class: ClassName=LEDs Member=Component D13 APA102 2020
Added Member To Class: ClassName=LEDs Member=Component D14 APA102 2020
Added Member To Class: ClassName=LEDs Member=Component D15 APA102 2020
Added Member To Class: ClassName=LEDs Member=Component D16 APA102 2020
Added Member To Class: ClassName=LEDs Member=Component D17 APA102 2020
Added Member To Class: ClassName=LEDs Member=Component D18 APA102 2020
Added Member To Class: ClassName=LEDs Member=Component D19 APA102 2020
Added Member To Class: ClassName=LEDs Member=Component D20 APA102 2020
Add Class Member: Failed to add class member : Component D50 APA102 2020
Add Class Member: Failed to add class member : Component D51 APA102 2020
Add Class Member: Failed to add class member : Component D52 APA102 2020
Add Class Member: Failed to add class member : Component D53 APA102 2020
Add Class Member: Failed to add class member : Component D54 APA102 2020
Add Class Member: Failed to add class member : Component D55 APA102 2020
Add Class Member: Failed to add class member : Component D56 APA102 2020
Add Class Member: Failed to add class member : Component D57 APA102 2020
Add Class Member: Failed to add class member : Component D58 APA102 2020
Add Class Member: Failed to add class member : Component D59 APA102 2020
Add Class Member: Failed to add class member : Component D60 APA102 2020
Add Class Member: Failed to add class member : Component D61 APA102 2020
Add Class Member: Failed to add class member : Component D62 APA102 2020
Add Class Member: Failed to add class member : Component D63 APA102 2020
Add Class Member: Failed to add class member : Component D64 APA102 2020
Add Class Member: Failed to add class member : Component D65 APA102 2020
Add Class Member: Failed to add class member : Component D66 APA102 2020
Add Class Member: Failed to add class member : Component D67 APA102 2020
Add Class Member: Failed to add class member : Component D68 APA102 2020
Add Class Member: Failed to add class member : Component D69 APA102 2020
Add Class Member: Failed to add class member : Component D70 APA102 2020
Add Class Member: Failed to add class member : Component D71 APA102 2020
Add Class Member: Failed to add class member : Component D72 APA102 2020
Add Class Member: Failed to add class member : Component D73 APA102 2020
Add Class Member: Failed to add class member : Component D74 APA102 2020
Add Class Member: Failed to add class member : Component D75 APA102 2020
Add Class Member: Failed to add class member : Component D76 APA102 2020
Add Class Member: Failed to add class member : Component D77 APA102 2020
Add Class Member: Failed to add class member : Component D78 APA102 2020
Add Class Member: Failed to add class member : Component D79 APA102 2020
Add Class Member: Failed to add class member : Component D80 APA102 2020
Add Class Member: Failed to add class member : Component D81 APA102 2020
Add Class Member: Failed to add class member : Component D82 APA102 2020
Add Class Member: Failed to add class member : Component D83 APA102 2020
Add Class Member: Failed to add class member : Component M1 Imponatornål
Add Class Member: Failed to add class member : Component M2 Imponatornål
Add Class Member: Failed to add class member : Component M3 Imponatornål
