Change Footprint: Footprint Not Found APA_RGB_LED_2020
Change Footprint: Footprint Not Found APA_RGB_LED_2020
Change Footprint: Footprint Not Found APA_RGB_LED_2020
Change Footprint: Footprint Not Found APA_RGB_LED_2020
Change Footprint: Footprint Not Found APA_RGB_LED_2020
Change Footprint: Footprint Not Found APA_RGB_LED_2020
Change Footprint: Footprint Not Found APA_RGB_LED_2020
Change Footprint: Footprint Not Found APA_RGB_LED_2020
Change Footprint: Footprint Not Found APA_RGB_LED_2020
Change Footprint: Footprint Not Found APA_RGB_LED_2020
Change Footprint: Footprint Not Found APA_RGB_LED_2020
Change Footprint: Footprint Not Found APA_RGB_LED_2020
Change Footprint: Footprint Not Found APA_RGB_LED_2020
Change Footprint: Footprint Not Found APA_RGB_LED_2020
Change Footprint: Footprint Not Found APA_RGB_LED_2020
Change Footprint: Footprint Not Found APA_RGB_LED_2020
Change Footprint: Footprint Not Found APA_RGB_LED_2020
Change Footprint: Footprint Not Found APA_RGB_LED_2020
Change Footprint: Footprint Not Found APA_RGB_LED_2020
Change Footprint: Footprint Not Found APA_RGB_LED_2020
Change Footprint: Footprint Not Found APA_RGB_LED_2020
Change Footprint: Footprint Not Found APA_RGB_LED_2020
Change Footprint: Footprint Not Found APA_RGB_LED_2020
Change Footprint: Footprint Not Found APA_RGB_LED_2020
Change Footprint: Footprint Not Found APA_RGB_LED_2020
Change Footprint: Footprint Not Found APA_RGB_LED_2020
Change Footprint: Footprint Not Found APA_RGB_LED_2020
Change Footprint: Footprint Not Found APA_RGB_LED_2020
Change Footprint: Footprint Not Found APA_RGB_LED_2020
Change Footprint: Footprint Not Found APA_RGB_LED_2020
Change Footprint: Footprint Not Found APA_RGB_LED_2020
Change Footprint: Footprint Not Found APA_RGB_LED_2020
Change Footprint: Footprint Not Found APA_RGB_LED_2020
Change Footprint: Footprint Not Found APA_RGB_LED_2020
Change Footprint: Footprint Not Found APA_RGB_LED_2020
Change Footprint: Footprint Not Found APA_RGB_LED_2020
Change Footprint: Footprint Not Found APA_RGB_LED_2020
Change Footprint: Footprint Not Found APA_RGB_LED_2020
Change Footprint: Footprint Not Found APA_RGB_LED_2020
Change Footprint: Footprint Not Found APA_RGB_LED_2020
Change Footprint: Footprint Not Found APA_RGB_LED_2020
Change Footprint: Footprint Not Found APA_RGB_LED_2020
Change Footprint: Footprint Not Found APA_RGB_LED_2020
Change Footprint: Footprint Not Found APA_RGB_LED_2020
Change Footprint: Footprint Not Found APA_RGB_LED_2020
Change Footprint: Footprint Not Found APA_RGB_LED_2020
Change Footprint: Footprint Not Found APA_RGB_LED_2020
Change Footprint: Footprint Not Found APA_RGB_LED_2020
Change Footprint: Footprint Not Found APA_RGB_LED_2020
Change Footprint: Footprint Not Found APA_RGB_LED_2020
Change Footprint: Footprint Not Found APA_RGB_LED_2020
Change Footprint: Footprint Not Found APA_RGB_LED_2020
Change Footprint: Footprint Not Found APA_RGB_LED_2020
Change Footprint: Footprint Not Found APA_RGB_LED_2020
Change Footprint: Footprint Not Found APA_RGB_LED_2020
Change Footprint: Footprint Not Found APA_RGB_LED_2020
Change Footprint: Footprint Not Found APA_RGB_LED_2020
Change Footprint: Footprint Not Found APA_RGB_LED_2020
Change Footprint: Footprint Not Found APA_RGB_LED_2020
Change Footprint: Footprint Not Found APA_RGB_LED_2020
Change Footprint: Footprint Not Found APA_RGB_LED_2020
Change Footprint: Footprint Not Found APA_RGB_LED_2020
Change Footprint: Footprint Not Found APA_RGB_LED_2020
Change Footprint: Footprint Not Found APA_RGB_LED_2020
Change Footprint: Footprint Not Found APA_RGB_LED_2020
Change Footprint: Footprint Not Found APA_RGB_LED_2020
Change Footprint: Footprint Not Found APA_RGB_LED_2020
Change Footprint: Footprint Not Found APA_RGB_LED_2020
Change Footprint: Footprint Not Found APA_RGB_LED_2020
Change Footprint: Footprint Not Found APA_RGB_LED_2020
Change Footprint: Footprint Not Found APA_RGB_LED_2020
Change Footprint: Footprint Not Found APA_RGB_LED_2020
Change Footprint: Footprint Not Found APA_RGB_LED_2020
Change Footprint: Footprint Not Found APA_RGB_LED_2020
Change Footprint: Footprint Not Found APA_RGB_LED_2020
Change Footprint: Footprint Not Found APA_RGB_LED_2020
Change Footprint: Footprint Not Found APA_RGB_LED_2020
Change Footprint: Footprint Not Found APA_RGB_LED_2020
Change Footprint: Footprint Not Found APA_RGB_LED_2020
Change Footprint: Footprint Not Found APA_RGB_LED_2020
Change Footprint: Footprint Not Found APA_RGB_LED_2020
Change Footprint: Footprint Not Found APA_RGB_LED_2020
Change Footprint: Footprint Not Found APA_RGB_LED_2020
Change Component Designator: OldDesignator=D1_1 NewDesignator=D2
Change Component Designator: OldDesignator=D1_2 NewDesignator=D3
Change Component Designator: OldDesignator=D1_3 NewDesignator=D4
Change Component Designator: OldDesignator=D1_4 NewDesignator=D10
Change Component Designator: OldDesignator=D2 NewDesignator=D6
Change Component Designator: OldDesignator=D2_1 NewDesignator=D60
Change Component Designator: OldDesignator=D2_2 NewDesignator=D61
Change Component Designator: OldDesignator=D2_3 NewDesignator=D62
Change Component Designator: OldDesignator=D2_4 NewDesignator=D63
Change Component Designator: OldDesignator=D3 NewDesignator=D68
Change Component Designator: OldDesignator=D3_1 NewDesignator=D69
Change Component Designator: OldDesignator=D3_2 NewDesignator=D7
Change Component Designator: OldDesignator=D3_3 NewDesignator=D70
Change Component Designator: OldDesignator=D3_4 NewDesignator=D71
Change Component Designator: OldDesignator=D4 NewDesignator=D72
Change Component Designator: OldDesignator=D4_1 NewDesignator=D73
Change Component Designator: OldDesignator=D4_2 NewDesignator=D74
Change Component Designator: OldDesignator=D4_3 NewDesignator=D75
Change Component Designator: OldDesignator=D4_4 NewDesignator=D76
Change Component Designator: OldDesignator=D5 NewDesignator=D77
Change Component Designator: OldDesignator=D5_1 NewDesignator=D78
Change Component Designator: OldDesignator=D5_2 NewDesignator=D79
Change Component Designator: OldDesignator=D5_3 NewDesignator=D8
Change Component Designator: OldDesignator=D5_4 NewDesignator=D80
Change Component Designator: OldDesignator=D6 NewDesignator=D81
Change Component Designator: OldDesignator=D6_1 NewDesignator=D82
Change Component Designator: OldDesignator=D6_2 NewDesignator=D83
Change Component Designator: OldDesignator=D6_3 NewDesignator=D9
Change Component Designator: OldDesignator=D10 NewDesignator=D11
Change Component Designator: OldDesignator=D10_1 NewDesignator=D12
Change Component Designator: OldDesignator=D10_2 NewDesignator=D13
Change Component Designator: OldDesignator=D10_3 NewDesignator=D14
Change Component Designator: OldDesignator=D10_4 NewDesignator=D15
Change Component Designator: OldDesignator=D11 NewDesignator=D16
Change Component Designator: OldDesignator=D11_1 NewDesignator=D17
Change Component Designator: OldDesignator=D11_2 NewDesignator=D18
Change Component Designator: OldDesignator=D11_3 NewDesignator=D19
Change Component Designator: OldDesignator=D11_4 NewDesignator=D20
Change Component Designator: OldDesignator=D12 NewDesignator=D21
Change Component Designator: OldDesignator=D12_1 NewDesignator=D22
Change Component Designator: OldDesignator=D12_2 NewDesignator=D23
Change Component Designator: OldDesignator=D12_3 NewDesignator=D24
Change Component Designator: OldDesignator=D12_4 NewDesignator=D25
Change Component Designator: OldDesignator=D13 NewDesignator=D26
Change Component Designator: OldDesignator=D13_1 NewDesignator=D27
Change Component Designator: OldDesignator=D13_2 NewDesignator=D28
Change Component Designator: OldDesignator=D13_3 NewDesignator=D29
Change Component Designator: OldDesignator=D13_4 NewDesignator=D30
Change Component Designator: OldDesignator=D14 NewDesignator=D31
Change Component Designator: OldDesignator=D14_1 NewDesignator=D32
Change Component Designator: OldDesignator=D14_2 NewDesignator=D33
Change Component Designator: OldDesignator=D14_3 NewDesignator=D34
Change Component Designator: OldDesignator=D14_4 NewDesignator=D35
Change Component Designator: OldDesignator=D15 NewDesignator=D36
Change Component Designator: OldDesignator=D15_1 NewDesignator=D37
Change Component Designator: OldDesignator=D15_2 NewDesignator=D38
Change Component Designator: OldDesignator=D15_3 NewDesignator=D39
Change Component Designator: OldDesignator=D15_4 NewDesignator=D40
Change Component Designator: OldDesignator=D16 NewDesignator=D41
Change Component Designator: OldDesignator=D16_1 NewDesignator=D42
Change Component Designator: OldDesignator=D16_2 NewDesignator=D43
Change Component Designator: OldDesignator=D16_3 NewDesignator=D44
Change Component Designator: OldDesignator=D16_4 NewDesignator=D45
Change Component Designator: OldDesignator=D17 NewDesignator=D46
Change Component Designator: OldDesignator=D17_1 NewDesignator=D47
Change Component Designator: OldDesignator=D17_2 NewDesignator=D48
Change Component Designator: OldDesignator=D17_3 NewDesignator=D49
Change Component Designator: OldDesignator=D17_4 NewDesignator=D5
Change Component Designator: OldDesignator=D18 NewDesignator=D50
Change Component Designator: OldDesignator=D18_1 NewDesignator=D51
Change Component Designator: OldDesignator=D18_2 NewDesignator=D52
Change Component Designator: OldDesignator=D18_3 NewDesignator=D53
Change Component Designator: OldDesignator=D18_4 NewDesignator=D54
Change Component Designator: OldDesignator=D19 NewDesignator=D55
Change Component Designator: OldDesignator=D19_1 NewDesignator=D56
Change Component Designator: OldDesignator=D19_2 NewDesignator=D57
Change Component Designator: OldDesignator=D19_3 NewDesignator=D58
Change Component Designator: OldDesignator=D19_4 NewDesignator=D59
Change Component Designator: OldDesignator=D20 NewDesignator=D64
Change Component Designator: OldDesignator=D20_1 NewDesignator=D65
Change Component Designator: OldDesignator=D20_2 NewDesignator=D66
Change Component Designator: OldDesignator=D20_3 NewDesignator=D67
Add Component: Footprint Not Found CAPC0603(1608)55_N
Add Component: Footprint Not Found CAPC0603(1608)55_N
Add Component: Footprint Not Found CAPC0603(1608)55_N
Add Component: Footprint Not Found CAPC0603(1608)55_N
Add Component: Footprint Not Found CAPC0603(1608)55_N
Add Component: Footprint Not Found CAPC0603(1608)55_N
Add Component: Footprint Not Found CAPC0603(1608)55_N
Add Component: Footprint Not Found CAPC0603(1608)55_N
Add Component: Footprint Not Found CAPC0603(1608)55_N
Add Component: Footprint Not Found CAPC0603(1608)55_N
Add Component: Footprint Not Found CAPC0603(1608)55_N
Add Component: Footprint Not Found CAPC0603(1608)55_N
Add Component: Footprint Not Found CAPC0603(1608)55_N
Add Component: Footprint Not Found CAPC0603(1608)55_N
Add Component: Footprint Not Found Imponatornaal_liten
Add Component: Footprint Not Found Imponatornaal_liten
Add Component: Footprint Not Found Imponatornaal_liten
Add Component: Footprint Not Found microsdcard
Added Pin To Net: NetName=BRIGTHNESS Pin=R1-2
Added Pin To Net: NetName=BRIGTHNESS Pin=U1-1
Added Net: Name=BRIGTHNESS
Added Pin To Net: NetName=CARD_DETECT Pin=J3-CD
Added Pin To Net: NetName=CARD_DETECT Pin=U1-10
Added Net: Name=CARD_DETECT
Added Pin To Net: NetName=CKI Pin=D1-5
Added Pin To Net: NetName=CKI Pin=U2-1
Added Net: Name=CKI
Added Pin To Net: NetName=DUMMY_NET Pin=SW1-3
Added Net: Name=DUMMY_NET
Added Pin To Net: NetName=GND Pin=C1-1
Added Pin To Net: NetName=GND Pin=C2-1
Added Pin To Net: NetName=GND Pin=C3-1
Added Pin To Net: NetName=GND Pin=C4-1
Added Pin To Net: NetName=GND Pin=C5-1
Added Pin To Net: NetName=GND Pin=C6-1
Added Pin To Net: NetName=GND Pin=C7-1
Added Pin To Net: NetName=GND Pin=C8-1
Added Pin To Net: NetName=GND Pin=C9-1
Added Pin To Net: NetName=GND Pin=C10-1
Added Pin To Net: NetName=GND Pin=C11-1
Added Pin To Net: NetName=GND Pin=C12-1
Added Pin To Net: NetName=GND Pin=C13-1
Added Pin To Net: NetName=GND Pin=C14-1
Added Pin To Net: NetName=GND Pin=C16-1
Added Pin To Net: NetName=GND Pin=D1-6
Added Pin To Net: NetName=GND Pin=D2-6
Added Pin To Net: NetName=GND Pin=D3-6
Added Pin To Net: NetName=GND Pin=D4-6
Added Pin To Net: NetName=GND Pin=D5-6
Added Pin To Net: NetName=GND Pin=D6-6
Added Pin To Net: NetName=GND Pin=D7-6
Added Pin To Net: NetName=GND Pin=D8-6
Added Pin To Net: NetName=GND Pin=D9-6
Added Pin To Net: NetName=GND Pin=D10-6
Added Pin To Net: NetName=GND Pin=D11-6
Added Pin To Net: NetName=GND Pin=D12-6
Added Pin To Net: NetName=GND Pin=D13-6
Added Pin To Net: NetName=GND Pin=D14-6
Added Pin To Net: NetName=GND Pin=D15-6
Added Pin To Net: NetName=GND Pin=D16-6
Added Pin To Net: NetName=GND Pin=D17-6
Added Pin To Net: NetName=GND Pin=D18-6
Added Pin To Net: NetName=GND Pin=D19-6
Added Pin To Net: NetName=GND Pin=D20-6
Added Pin To Net: NetName=GND Pin=D21-6
Added Pin To Net: NetName=GND Pin=D22-6
Added Pin To Net: NetName=GND Pin=D23-6
Added Pin To Net: NetName=GND Pin=D24-6
Added Pin To Net: NetName=GND Pin=D25-6
Added Pin To Net: NetName=GND Pin=D26-6
Added Pin To Net: NetName=GND Pin=D27-6
Added Pin To Net: NetName=GND Pin=D28-6
Added Pin To Net: NetName=GND Pin=D29-6
Added Pin To Net: NetName=GND Pin=D30-6
Added Pin To Net: NetName=GND Pin=D31-6
Added Pin To Net: NetName=GND Pin=D32-6
Added Pin To Net: NetName=GND Pin=D33-6
Added Pin To Net: NetName=GND Pin=D34-6
Added Pin To Net: NetName=GND Pin=D35-6
Added Pin To Net: NetName=GND Pin=D36-6
Added Pin To Net: NetName=GND Pin=D37-6
Added Pin To Net: NetName=GND Pin=D38-6
Added Pin To Net: NetName=GND Pin=D39-6
Added Pin To Net: NetName=GND Pin=D40-6
Added Pin To Net: NetName=GND Pin=D41-6
Added Pin To Net: NetName=GND Pin=D42-6
Added Pin To Net: NetName=GND Pin=D43-6
Added Pin To Net: NetName=GND Pin=D44-6
Added Pin To Net: NetName=GND Pin=D45-6
Added Pin To Net: NetName=GND Pin=D46-6
Added Pin To Net: NetName=GND Pin=D47-6
Added Pin To Net: NetName=GND Pin=D48-6
Added Pin To Net: NetName=GND Pin=D49-6
Added Pin To Net: NetName=GND Pin=D50-6
Added Pin To Net: NetName=GND Pin=D51-6
Added Pin To Net: NetName=GND Pin=D52-6
Added Pin To Net: NetName=GND Pin=D53-6
Added Pin To Net: NetName=GND Pin=D54-6
Added Pin To Net: NetName=GND Pin=D55-6
Added Pin To Net: NetName=GND Pin=D56-6
Added Pin To Net: NetName=GND Pin=D57-6
Added Pin To Net: NetName=GND Pin=D58-6
Added Pin To Net: NetName=GND Pin=D59-6
Added Pin To Net: NetName=GND Pin=D60-6
Added Pin To Net: NetName=GND Pin=D61-6
Added Pin To Net: NetName=GND Pin=D62-6
Added Pin To Net: NetName=GND Pin=D63-6
Added Pin To Net: NetName=GND Pin=D64-6
Added Pin To Net: NetName=GND Pin=D65-6
Added Pin To Net: NetName=GND Pin=D66-6
Added Pin To Net: NetName=GND Pin=D67-6
Added Pin To Net: NetName=GND Pin=D68-6
Added Pin To Net: NetName=GND Pin=D69-6
Added Pin To Net: NetName=GND Pin=D70-6
Added Pin To Net: NetName=GND Pin=D71-6
Added Pin To Net: NetName=GND Pin=D72-6
Added Pin To Net: NetName=GND Pin=D73-6
Added Pin To Net: NetName=GND Pin=D74-6
Added Pin To Net: NetName=GND Pin=D75-6
Added Pin To Net: NetName=GND Pin=D76-6
Added Pin To Net: NetName=GND Pin=D77-6
Added Pin To Net: NetName=GND Pin=D78-6
Added Pin To Net: NetName=GND Pin=D79-6
Added Pin To Net: NetName=GND Pin=D80-6
Added Pin To Net: NetName=GND Pin=D81-6
Added Pin To Net: NetName=GND Pin=D82-6
Added Pin To Net: NetName=GND Pin=D83-6
Added Pin To Net: NetName=GND Pin=J1-2
Added Pin To Net: NetName=GND Pin=J1-10
Added Pin To Net: NetName=GND Pin=J3-G1
Added Pin To Net: NetName=GND Pin=J3-G2
Added Pin To Net: NetName=GND Pin=J3-G3
Added Pin To Net: NetName=GND Pin=J3-G4
Added Pin To Net: NetName=GND Pin=J3-G5
Added Pin To Net: NetName=GND Pin=J3-G6
Added Pin To Net: NetName=GND Pin=J3-G7
Added Pin To Net: NetName=GND Pin=J3-G8
Added Pin To Net: NetName=GND Pin=J3-G9
Added Pin To Net: NetName=GND Pin=J3-G10
Added Pin To Net: NetName=GND Pin=J3-P6
Added Pin To Net: NetName=GND Pin=P1-2
Added Pin To Net: NetName=GND Pin=R1-1
Added Pin To Net: NetName=GND Pin=SW2-3
Added Pin To Net: NetName=GND Pin=SW2-4
Added Pin To Net: NetName=GND Pin=U1-8
Added Pin To Net: NetName=GND Pin=U1-18
Added Pin To Net: NetName=GND Pin=U1-30
Added Pin To Net: NetName=GND Pin=U1-38
Added Pin To Net: NetName=GND Pin=U2-2
Added Pin To Net: NetName=GND Pin=U3-1
Added Net: Name=GND
Added Pin To Net: NetName=MISO Pin=J3-P7
Added Pin To Net: NetName=MISO Pin=U1-16
Added Net: Name=MISO
Added Pin To Net: NetName=MOSI Pin=J3-P3
Added Pin To Net: NetName=MOSI Pin=U1-15
Added Net: Name=MOSI
Added Pin To Net: NetName=NetD1_2 Pin=D1-2
Added Pin To Net: NetName=NetD1_2 Pin=D2-5
Added Net: Name=NetD1_2
Added Pin To Net: NetName=NetD1_3 Pin=D1-3
Added Pin To Net: NetName=NetD1_3 Pin=D2-4
Added Net: Name=NetD1_3
Added Pin To Net: NetName=NetD2_2 Pin=D2-2
Added Pin To Net: NetName=NetD2_2 Pin=D3-5
Added Net: Name=NetD2_2
Added Pin To Net: NetName=NetD2_3 Pin=D2-3
Added Pin To Net: NetName=NetD2_3 Pin=D3-4
Added Net: Name=NetD2_3
Added Pin To Net: NetName=NetD3_2 Pin=D3-2
Added Pin To Net: NetName=NetD3_2 Pin=D4-5
Added Net: Name=NetD3_2
Added Pin To Net: NetName=NetD3_3 Pin=D3-3
Added Pin To Net: NetName=NetD3_3 Pin=D4-4
Added Net: Name=NetD3_3
Added Pin To Net: NetName=NetD4_2 Pin=D4-2
Added Pin To Net: NetName=NetD4_2 Pin=D5-5
Added Net: Name=NetD4_2
Added Pin To Net: NetName=NetD4_3 Pin=D4-3
Added Pin To Net: NetName=NetD4_3 Pin=D5-4
Added Net: Name=NetD4_3
Added Pin To Net: NetName=NetD5_2 Pin=D5-2
Added Pin To Net: NetName=NetD5_2 Pin=D6-5
Added Net: Name=NetD5_2
Added Pin To Net: NetName=NetD5_3 Pin=D5-3
Added Pin To Net: NetName=NetD5_3 Pin=D6-4
Added Net: Name=NetD5_3
Added Pin To Net: NetName=NetD6_2 Pin=D6-2
Added Pin To Net: NetName=NetD6_2 Pin=D7-5
Added Net: Name=NetD6_2
Added Pin To Net: NetName=NetD6_3 Pin=D6-3
Added Pin To Net: NetName=NetD6_3 Pin=D7-4
Added Net: Name=NetD6_3
Added Pin To Net: NetName=NetD7_2 Pin=D7-2
Added Pin To Net: NetName=NetD7_2 Pin=D8-5
Added Net: Name=NetD7_2
Added Pin To Net: NetName=NetD7_3 Pin=D7-3
Added Pin To Net: NetName=NetD7_3 Pin=D8-4
Added Net: Name=NetD7_3
Added Pin To Net: NetName=NetD8_2 Pin=D8-2
Added Pin To Net: NetName=NetD8_2 Pin=D9-5
Added Net: Name=NetD8_2
Added Pin To Net: NetName=NetD8_3 Pin=D8-3
Added Pin To Net: NetName=NetD8_3 Pin=D9-4
Added Net: Name=NetD8_3
Added Pin To Net: NetName=NetD9_2 Pin=D9-2
Added Pin To Net: NetName=NetD9_2 Pin=D10-5
Added Net: Name=NetD9_2
Added Pin To Net: NetName=NetD9_3 Pin=D9-3
Added Pin To Net: NetName=NetD9_3 Pin=D10-4
Added Net: Name=NetD9_3
Added Pin To Net: NetName=NetD10_2 Pin=D10-2
Added Pin To Net: NetName=NetD10_2 Pin=D11-5
Added Net: Name=NetD10_2
Added Pin To Net: NetName=NetD10_3 Pin=D10-3
Added Pin To Net: NetName=NetD10_3 Pin=D11-4
Added Net: Name=NetD10_3
Added Pin To Net: NetName=NetD11_2 Pin=D11-2
Added Pin To Net: NetName=NetD11_2 Pin=D12-5
Added Net: Name=NetD11_2
Added Pin To Net: NetName=NetD11_3 Pin=D11-3
Added Pin To Net: NetName=NetD11_3 Pin=D12-4
Added Net: Name=NetD11_3
Added Pin To Net: NetName=NetD12_2 Pin=D12-2
Added Pin To Net: NetName=NetD12_2 Pin=D13-5
Added Net: Name=NetD12_2
Added Pin To Net: NetName=NetD12_3 Pin=D12-3
Added Pin To Net: NetName=NetD12_3 Pin=D13-4
Added Net: Name=NetD12_3
Added Pin To Net: NetName=NetD13_2 Pin=D13-2
Added Pin To Net: NetName=NetD13_2 Pin=D14-5
Added Net: Name=NetD13_2
Added Pin To Net: NetName=NetD13_3 Pin=D13-3
Added Pin To Net: NetName=NetD13_3 Pin=D14-4
Added Net: Name=NetD13_3
Added Pin To Net: NetName=NetD14_2 Pin=D14-2
Added Pin To Net: NetName=NetD14_2 Pin=D15-5
Added Net: Name=NetD14_2
Added Pin To Net: NetName=NetD14_3 Pin=D14-3
Added Pin To Net: NetName=NetD14_3 Pin=D15-4
Added Net: Name=NetD14_3
Added Pin To Net: NetName=NetD15_2 Pin=D15-2
Added Pin To Net: NetName=NetD15_2 Pin=D16-5
Added Net: Name=NetD15_2
Added Pin To Net: NetName=NetD15_3 Pin=D15-3
Added Pin To Net: NetName=NetD15_3 Pin=D16-4
Added Net: Name=NetD15_3
Added Pin To Net: NetName=NetD16_2 Pin=D16-2
Added Pin To Net: NetName=NetD16_2 Pin=D18-5
Added Net: Name=NetD16_2
Added Pin To Net: NetName=NetD16_3 Pin=D16-3
Added Pin To Net: NetName=NetD16_3 Pin=D18-4
Added Net: Name=NetD16_3
Added Pin To Net: NetName=NetD17_4 Pin=D17-4
Added Pin To Net: NetName=NetD17_4 Pin=D83-3
Added Net: Name=NetD17_4
Added Pin To Net: NetName=NetD17_5 Pin=D17-5
Added Pin To Net: NetName=NetD17_5 Pin=D83-2
Added Net: Name=NetD17_5
Added Pin To Net: NetName=NetD18_2 Pin=D18-2
Added Pin To Net: NetName=NetD18_2 Pin=D19-5
Added Net: Name=NetD18_2
Added Pin To Net: NetName=NetD18_3 Pin=D18-3
Added Pin To Net: NetName=NetD18_3 Pin=D19-4
Added Net: Name=NetD18_3
Added Pin To Net: NetName=NetD19_2 Pin=D19-2
Added Pin To Net: NetName=NetD19_2 Pin=D20-5
Added Net: Name=NetD19_2
Added Pin To Net: NetName=NetD19_3 Pin=D19-3
Added Pin To Net: NetName=NetD19_3 Pin=D20-4
Added Net: Name=NetD19_3
Added Pin To Net: NetName=NetD20_2 Pin=D20-2
Added Pin To Net: NetName=NetD20_2 Pin=D21-5
Added Net: Name=NetD20_2
Added Pin To Net: NetName=NetD20_3 Pin=D20-3
Added Pin To Net: NetName=NetD20_3 Pin=D21-4
Added Net: Name=NetD20_3
Added Pin To Net: NetName=NetD21_2 Pin=D21-2
Added Pin To Net: NetName=NetD21_2 Pin=D22-5
Added Net: Name=NetD21_2
Added Pin To Net: NetName=NetD21_3 Pin=D21-3
Added Pin To Net: NetName=NetD21_3 Pin=D22-4
Added Net: Name=NetD21_3
Added Pin To Net: NetName=NetD22_2 Pin=D22-2
Added Pin To Net: NetName=NetD22_2 Pin=D23-5
Added Net: Name=NetD22_2
Added Pin To Net: NetName=NetD22_3 Pin=D22-3
Added Pin To Net: NetName=NetD22_3 Pin=D23-4
Added Net: Name=NetD22_3
Added Pin To Net: NetName=NetD23_2 Pin=D23-2
Added Pin To Net: NetName=NetD23_2 Pin=D24-5
Added Net: Name=NetD23_2
Added Pin To Net: NetName=NetD23_3 Pin=D23-3
Added Pin To Net: NetName=NetD23_3 Pin=D24-4
Added Net: Name=NetD23_3
Added Pin To Net: NetName=NetD24_2 Pin=D24-2
Added Pin To Net: NetName=NetD24_2 Pin=D25-5
Added Net: Name=NetD24_2
Added Pin To Net: NetName=NetD24_3 Pin=D24-3
Added Pin To Net: NetName=NetD24_3 Pin=D25-4
Added Net: Name=NetD24_3
Added Pin To Net: NetName=NetD25_2 Pin=D25-2
Added Pin To Net: NetName=NetD25_2 Pin=D26-5
Added Net: Name=NetD25_2
Added Pin To Net: NetName=NetD25_3 Pin=D25-3
Added Pin To Net: NetName=NetD25_3 Pin=D26-4
Added Net: Name=NetD25_3
Added Pin To Net: NetName=NetD26_2 Pin=D26-2
Added Pin To Net: NetName=NetD26_2 Pin=D27-5
Added Net: Name=NetD26_2
Added Pin To Net: NetName=NetD26_3 Pin=D26-3
Added Pin To Net: NetName=NetD26_3 Pin=D27-4
Added Net: Name=NetD26_3
Added Pin To Net: NetName=NetD27_2 Pin=D27-2
Added Pin To Net: NetName=NetD27_2 Pin=D28-5
Added Net: Name=NetD27_2
Added Pin To Net: NetName=NetD27_3 Pin=D27-3
Added Pin To Net: NetName=NetD27_3 Pin=D28-4
Added Net: Name=NetD27_3
Added Pin To Net: NetName=NetD28_2 Pin=D28-2
Added Pin To Net: NetName=NetD28_2 Pin=D29-5
Added Net: Name=NetD28_2
Added Pin To Net: NetName=NetD28_3 Pin=D28-3
Added Pin To Net: NetName=NetD28_3 Pin=D29-4
Added Net: Name=NetD28_3
Added Pin To Net: NetName=NetD29_2 Pin=D29-2
Added Pin To Net: NetName=NetD29_2 Pin=D30-5
Added Net: Name=NetD29_2
Added Pin To Net: NetName=NetD29_3 Pin=D29-3
Added Pin To Net: NetName=NetD29_3 Pin=D30-4
Added Net: Name=NetD29_3
Added Pin To Net: NetName=NetD30_2 Pin=D30-2
Added Pin To Net: NetName=NetD30_2 Pin=D31-5
Added Net: Name=NetD30_2
Added Pin To Net: NetName=NetD30_3 Pin=D30-3
Added Pin To Net: NetName=NetD30_3 Pin=D31-4
Added Net: Name=NetD30_3
Added Pin To Net: NetName=NetD31_2 Pin=D31-2
Added Pin To Net: NetName=NetD31_2 Pin=D32-5
Added Net: Name=NetD31_2
Added Pin To Net: NetName=NetD31_3 Pin=D31-3
Added Pin To Net: NetName=NetD31_3 Pin=D32-4
Added Net: Name=NetD31_3
Added Pin To Net: NetName=NetD32_2 Pin=D32-2
Added Pin To Net: NetName=NetD32_2 Pin=D33-5
Added Net: Name=NetD32_2
Added Pin To Net: NetName=NetD32_3 Pin=D32-3
Added Pin To Net: NetName=NetD32_3 Pin=D33-4
Added Net: Name=NetD32_3
Added Pin To Net: NetName=NetD33_2 Pin=D33-2
Added Pin To Net: NetName=NetD33_2 Pin=D34-5
Added Net: Name=NetD33_2
Added Pin To Net: NetName=NetD33_3 Pin=D33-3
Added Pin To Net: NetName=NetD33_3 Pin=D34-4
Added Net: Name=NetD33_3
Added Pin To Net: NetName=NetD34_2 Pin=D34-2
Added Pin To Net: NetName=NetD34_2 Pin=D35-5
Added Net: Name=NetD34_2
Added Pin To Net: NetName=NetD34_3 Pin=D34-3
Added Pin To Net: NetName=NetD34_3 Pin=D35-4
Added Net: Name=NetD34_3
Added Pin To Net: NetName=NetD35_2 Pin=D35-2
Added Pin To Net: NetName=NetD35_2 Pin=D36-5
Added Net: Name=NetD35_2
Added Pin To Net: NetName=NetD35_3 Pin=D35-3
Added Pin To Net: NetName=NetD35_3 Pin=D36-4
Added Net: Name=NetD35_3
Added Pin To Net: NetName=NetD36_2 Pin=D36-2
Added Pin To Net: NetName=NetD36_2 Pin=D37-5
Added Net: Name=NetD36_2
Added Pin To Net: NetName=NetD36_3 Pin=D36-3
Added Pin To Net: NetName=NetD36_3 Pin=D37-4
Added Net: Name=NetD36_3
Added Pin To Net: NetName=NetD37_2 Pin=D37-2
Added Pin To Net: NetName=NetD37_2 Pin=D38-5
Added Net: Name=NetD37_2
Added Pin To Net: NetName=NetD37_3 Pin=D37-3
Added Pin To Net: NetName=NetD37_3 Pin=D38-4
Added Net: Name=NetD37_3
Added Pin To Net: NetName=NetD38_2 Pin=D38-2
Added Pin To Net: NetName=NetD38_2 Pin=D39-5
Added Net: Name=NetD38_2
Added Pin To Net: NetName=NetD38_3 Pin=D38-3
Added Pin To Net: NetName=NetD38_3 Pin=D39-4
Added Net: Name=NetD38_3
Added Pin To Net: NetName=NetD39_2 Pin=D39-2
Added Pin To Net: NetName=NetD39_2 Pin=D40-5
Added Net: Name=NetD39_2
Added Pin To Net: NetName=NetD39_3 Pin=D39-3
Added Pin To Net: NetName=NetD39_3 Pin=D40-4
Added Net: Name=NetD39_3
Added Pin To Net: NetName=NetD40_2 Pin=D40-2
Added Pin To Net: NetName=NetD40_2 Pin=D41-5
Added Net: Name=NetD40_2
Added Pin To Net: NetName=NetD40_3 Pin=D40-3
Added Pin To Net: NetName=NetD40_3 Pin=D41-4
Added Net: Name=NetD40_3
Added Pin To Net: NetName=NetD41_2 Pin=D41-2
Added Pin To Net: NetName=NetD41_2 Pin=D42-5
Added Net: Name=NetD41_2
Added Pin To Net: NetName=NetD41_3 Pin=D41-3
Added Pin To Net: NetName=NetD41_3 Pin=D42-4
Added Net: Name=NetD41_3
Added Pin To Net: NetName=NetD42_2 Pin=D42-2
Added Pin To Net: NetName=NetD42_2 Pin=D43-5
Added Net: Name=NetD42_2
Added Pin To Net: NetName=NetD42_3 Pin=D42-3
Added Pin To Net: NetName=NetD42_3 Pin=D43-4
Added Net: Name=NetD42_3
Added Pin To Net: NetName=NetD43_2 Pin=D43-2
Added Pin To Net: NetName=NetD43_2 Pin=D44-5
Added Net: Name=NetD43_2
Added Pin To Net: NetName=NetD43_3 Pin=D43-3
Added Pin To Net: NetName=NetD43_3 Pin=D44-4
Added Net: Name=NetD43_3
Added Pin To Net: NetName=NetD44_2 Pin=D44-2
Added Pin To Net: NetName=NetD44_2 Pin=D45-5
Added Net: Name=NetD44_2
Added Pin To Net: NetName=NetD44_3 Pin=D44-3
Added Pin To Net: NetName=NetD44_3 Pin=D45-4
Added Net: Name=NetD44_3
Added Pin To Net: NetName=NetD45_2 Pin=D45-2
Added Pin To Net: NetName=NetD45_2 Pin=D46-5
Added Net: Name=NetD45_2
Added Pin To Net: NetName=NetD45_3 Pin=D45-3
Added Pin To Net: NetName=NetD45_3 Pin=D46-4
Added Net: Name=NetD45_3
Added Pin To Net: NetName=NetD46_2 Pin=D46-2
Added Pin To Net: NetName=NetD46_2 Pin=D47-5
Added Net: Name=NetD46_2
Added Pin To Net: NetName=NetD46_3 Pin=D46-3
Added Pin To Net: NetName=NetD46_3 Pin=D47-4
Added Net: Name=NetD46_3
Added Pin To Net: NetName=NetD47_2 Pin=D47-2
Added Pin To Net: NetName=NetD47_2 Pin=D48-5
Added Net: Name=NetD47_2
Added Pin To Net: NetName=NetD47_3 Pin=D47-3
Added Pin To Net: NetName=NetD47_3 Pin=D48-4
Added Net: Name=NetD47_3
Added Pin To Net: NetName=NetD48_2 Pin=D48-2
Added Pin To Net: NetName=NetD48_2 Pin=D49-5
Added Net: Name=NetD48_2
Added Pin To Net: NetName=NetD48_3 Pin=D48-3
Added Pin To Net: NetName=NetD48_3 Pin=D49-4
Added Net: Name=NetD48_3
Added Pin To Net: NetName=NetD49_2 Pin=D49-2
Added Pin To Net: NetName=NetD49_2 Pin=D50-5
Added Net: Name=NetD49_2
Added Pin To Net: NetName=NetD49_3 Pin=D49-3
Added Pin To Net: NetName=NetD49_3 Pin=D50-4
Added Net: Name=NetD49_3
Added Pin To Net: NetName=NetD50_2 Pin=D50-2
Added Pin To Net: NetName=NetD50_2 Pin=D51-5
Added Net: Name=NetD50_2
Added Pin To Net: NetName=NetD50_3 Pin=D50-3
Added Pin To Net: NetName=NetD50_3 Pin=D51-4
Added Net: Name=NetD50_3
Added Pin To Net: NetName=NetD51_2 Pin=D51-2
Added Pin To Net: NetName=NetD51_2 Pin=D52-5
Added Net: Name=NetD51_2
Added Pin To Net: NetName=NetD51_3 Pin=D51-3
Added Pin To Net: NetName=NetD51_3 Pin=D52-4
Added Net: Name=NetD51_3
Added Pin To Net: NetName=NetD52_2 Pin=D52-2
Added Pin To Net: NetName=NetD52_2 Pin=D53-5
Added Net: Name=NetD52_2
Added Pin To Net: NetName=NetD52_3 Pin=D52-3
Added Pin To Net: NetName=NetD52_3 Pin=D53-4
Added Net: Name=NetD52_3
Added Pin To Net: NetName=NetD53_2 Pin=D53-2
Added Pin To Net: NetName=NetD53_2 Pin=D54-5
Added Net: Name=NetD53_2
Added Pin To Net: NetName=NetD53_3 Pin=D53-3
Added Pin To Net: NetName=NetD53_3 Pin=D54-4
Added Net: Name=NetD53_3
Added Pin To Net: NetName=NetD54_2 Pin=D54-2
Added Pin To Net: NetName=NetD54_2 Pin=D55-5
Added Net: Name=NetD54_2
Added Pin To Net: NetName=NetD54_3 Pin=D54-3
Added Pin To Net: NetName=NetD54_3 Pin=D55-4
Added Net: Name=NetD54_3
Added Pin To Net: NetName=NetD55_2 Pin=D55-2
Added Pin To Net: NetName=NetD55_2 Pin=D56-5
Added Net: Name=NetD55_2
Added Pin To Net: NetName=NetD55_3 Pin=D55-3
Added Pin To Net: NetName=NetD55_3 Pin=D56-4
Added Net: Name=NetD55_3
Added Pin To Net: NetName=NetD56_2 Pin=D56-2
Added Pin To Net: NetName=NetD56_2 Pin=D57-5
Added Net: Name=NetD56_2
Added Pin To Net: NetName=NetD56_3 Pin=D56-3
Added Pin To Net: NetName=NetD56_3 Pin=D57-4
Added Net: Name=NetD56_3
Added Pin To Net: NetName=NetD57_2 Pin=D57-2
Added Pin To Net: NetName=NetD57_2 Pin=D58-5
Added Net: Name=NetD57_2
Added Pin To Net: NetName=NetD57_3 Pin=D57-3
Added Pin To Net: NetName=NetD57_3 Pin=D58-4
Added Net: Name=NetD57_3
Added Pin To Net: NetName=NetD58_2 Pin=D58-2
Added Pin To Net: NetName=NetD58_2 Pin=D59-5
Added Net: Name=NetD58_2
Added Pin To Net: NetName=NetD58_3 Pin=D58-3
Added Pin To Net: NetName=NetD58_3 Pin=D59-4
Added Net: Name=NetD58_3
Added Pin To Net: NetName=NetD59_2 Pin=D59-2
Added Pin To Net: NetName=NetD59_2 Pin=D60-5
Added Net: Name=NetD59_2
Added Pin To Net: NetName=NetD59_3 Pin=D59-3
Added Pin To Net: NetName=NetD59_3 Pin=D60-4
Added Net: Name=NetD59_3
Added Pin To Net: NetName=NetD60_2 Pin=D60-2
Added Pin To Net: NetName=NetD60_2 Pin=D61-5
Added Net: Name=NetD60_2
Added Pin To Net: NetName=NetD60_3 Pin=D60-3
Added Pin To Net: NetName=NetD60_3 Pin=D61-4
Added Net: Name=NetD60_3
Added Pin To Net: NetName=NetD61_2 Pin=D61-2
Added Pin To Net: NetName=NetD61_2 Pin=D62-5
Added Net: Name=NetD61_2
Added Pin To Net: NetName=NetD61_3 Pin=D61-3
Added Pin To Net: NetName=NetD61_3 Pin=D62-4
Added Net: Name=NetD61_3
Added Pin To Net: NetName=NetD62_2 Pin=D62-2
Added Pin To Net: NetName=NetD62_2 Pin=D63-5
Added Net: Name=NetD62_2
Added Pin To Net: NetName=NetD62_3 Pin=D62-3
Added Pin To Net: NetName=NetD62_3 Pin=D63-4
Added Net: Name=NetD62_3
Added Pin To Net: NetName=NetD63_2 Pin=D63-2
Added Pin To Net: NetName=NetD63_2 Pin=D64-5
Added Net: Name=NetD63_2
Added Pin To Net: NetName=NetD63_3 Pin=D63-3
Added Pin To Net: NetName=NetD63_3 Pin=D64-4
Added Net: Name=NetD63_3
Added Pin To Net: NetName=NetD64_2 Pin=D64-2
Added Pin To Net: NetName=NetD64_2 Pin=D65-5
Added Net: Name=NetD64_2
Added Pin To Net: NetName=NetD64_3 Pin=D64-3
Added Pin To Net: NetName=NetD64_3 Pin=D65-4
Added Net: Name=NetD64_3
Added Pin To Net: NetName=NetD65_2 Pin=D65-2
Added Pin To Net: NetName=NetD65_2 Pin=D66-5
Added Net: Name=NetD65_2
Added Pin To Net: NetName=NetD65_3 Pin=D65-3
Added Pin To Net: NetName=NetD65_3 Pin=D66-4
Added Net: Name=NetD65_3
Added Pin To Net: NetName=NetD66_2 Pin=D66-2
Added Pin To Net: NetName=NetD66_2 Pin=D67-5
Added Net: Name=NetD66_2
Added Pin To Net: NetName=NetD66_3 Pin=D66-3
Added Pin To Net: NetName=NetD66_3 Pin=D67-4
Added Net: Name=NetD66_3
Added Pin To Net: NetName=NetD67_2 Pin=D67-2
Added Pin To Net: NetName=NetD67_2 Pin=D68-5
Added Net: Name=NetD67_2
Added Pin To Net: NetName=NetD67_3 Pin=D67-3
Added Pin To Net: NetName=NetD67_3 Pin=D68-4
Added Net: Name=NetD67_3
Added Pin To Net: NetName=NetD68_2 Pin=D68-2
Added Pin To Net: NetName=NetD68_2 Pin=D69-5
Added Net: Name=NetD68_2
Added Pin To Net: NetName=NetD68_3 Pin=D68-3
Added Pin To Net: NetName=NetD68_3 Pin=D69-4
Added Net: Name=NetD68_3
Added Pin To Net: NetName=NetD69_2 Pin=D69-2
Added Pin To Net: NetName=NetD69_2 Pin=D70-5
Added Net: Name=NetD69_2
Added Pin To Net: NetName=NetD69_3 Pin=D69-3
Added Pin To Net: NetName=NetD69_3 Pin=D70-4
Added Net: Name=NetD69_3
Added Pin To Net: NetName=NetD70_2 Pin=D70-2
Added Pin To Net: NetName=NetD70_2 Pin=D71-5
Added Net: Name=NetD70_2
Added Pin To Net: NetName=NetD70_3 Pin=D70-3
Added Pin To Net: NetName=NetD70_3 Pin=D71-4
Added Net: Name=NetD70_3
Added Pin To Net: NetName=NetD71_2 Pin=D71-2
Added Pin To Net: NetName=NetD71_2 Pin=D72-5
Added Net: Name=NetD71_2
Added Pin To Net: NetName=NetD71_3 Pin=D71-3
Added Pin To Net: NetName=NetD71_3 Pin=D72-4
Added Net: Name=NetD71_3
Added Pin To Net: NetName=NetD72_2 Pin=D72-2
Added Pin To Net: NetName=NetD72_2 Pin=D73-5
Added Net: Name=NetD72_2
Added Pin To Net: NetName=NetD72_3 Pin=D72-3
Added Pin To Net: NetName=NetD72_3 Pin=D73-4
Added Net: Name=NetD72_3
Added Pin To Net: NetName=NetD73_2 Pin=D73-2
Added Pin To Net: NetName=NetD73_2 Pin=D74-5
Added Net: Name=NetD73_2
Added Pin To Net: NetName=NetD73_3 Pin=D73-3
Added Pin To Net: NetName=NetD73_3 Pin=D74-4
Added Net: Name=NetD73_3
Added Pin To Net: NetName=NetD74_2 Pin=D74-2
Added Pin To Net: NetName=NetD74_2 Pin=D75-5
Added Net: Name=NetD74_2
Added Pin To Net: NetName=NetD74_3 Pin=D74-3
Added Pin To Net: NetName=NetD74_3 Pin=D75-4
Added Net: Name=NetD74_3
Added Pin To Net: NetName=NetD75_2 Pin=D75-2
Added Pin To Net: NetName=NetD75_2 Pin=D76-5
Added Net: Name=NetD75_2
Added Pin To Net: NetName=NetD75_3 Pin=D75-3
Added Pin To Net: NetName=NetD75_3 Pin=D76-4
Added Net: Name=NetD75_3
Added Pin To Net: NetName=NetD76_2 Pin=D76-2
Added Pin To Net: NetName=NetD76_2 Pin=D77-5
Added Net: Name=NetD76_2
Added Pin To Net: NetName=NetD76_3 Pin=D76-3
Added Pin To Net: NetName=NetD76_3 Pin=D77-4
Added Net: Name=NetD76_3
Added Pin To Net: NetName=NetD77_2 Pin=D77-2
Added Pin To Net: NetName=NetD77_2 Pin=D78-5
Added Net: Name=NetD77_2
Added Pin To Net: NetName=NetD77_3 Pin=D77-3
Added Pin To Net: NetName=NetD77_3 Pin=D78-4
Added Net: Name=NetD77_3
Added Pin To Net: NetName=NetD78_2 Pin=D78-2
Added Pin To Net: NetName=NetD78_2 Pin=D79-5
Added Net: Name=NetD78_2
Added Pin To Net: NetName=NetD78_3 Pin=D78-3
Added Pin To Net: NetName=NetD78_3 Pin=D79-4
Added Net: Name=NetD78_3
Added Pin To Net: NetName=NetD79_2 Pin=D79-2
Added Pin To Net: NetName=NetD79_2 Pin=D80-5
Added Net: Name=NetD79_2
Added Pin To Net: NetName=NetD79_3 Pin=D79-3
Added Pin To Net: NetName=NetD79_3 Pin=D80-4
Added Net: Name=NetD79_3
Added Pin To Net: NetName=NetD80_2 Pin=D80-2
Added Pin To Net: NetName=NetD80_2 Pin=D81-5
Added Net: Name=NetD80_2
Added Pin To Net: NetName=NetD80_3 Pin=D80-3
Added Pin To Net: NetName=NetD80_3 Pin=D81-4
Added Net: Name=NetD80_3
Added Pin To Net: NetName=NetD81_2 Pin=D81-2
Added Pin To Net: NetName=NetD81_2 Pin=D82-5
Added Net: Name=NetD81_2
Added Pin To Net: NetName=NetD81_3 Pin=D81-3
Added Pin To Net: NetName=NetD81_3 Pin=D82-4
Added Net: Name=NetD81_3
Added Pin To Net: NetName=NetD82_2 Pin=D82-2
Added Pin To Net: NetName=NetD82_2 Pin=D83-5
Added Net: Name=NetD82_2
Added Pin To Net: NetName=NetD82_3 Pin=D82-3
Added Pin To Net: NetName=NetD82_3 Pin=D83-4
Added Net: Name=NetD82_3
Added Pin To Net: NetName=NetP1_1 Pin=P1-1
Added Pin To Net: NetName=NetP1_1 Pin=SW1-2
Added Net: Name=NetP1_1
Added Pin To Net: NetName=NetU1_25 Pin=U1-25
Added Pin To Net: NetName=NetU1_25 Pin=U2-5
Added Net: Name=NetU1_25
Added Pin To Net: NetName=NetU1_27 Pin=U1-27
Added Pin To Net: NetName=NetU1_27 Pin=U2-4
Added Net: Name=NetU1_27
Added Pin To Net: NetName=PDI_CLOCK Pin=J1-6
Added Pin To Net: NetName=PDI_CLOCK Pin=U1-35
Added Net: Name=PDI_CLOCK
Added Pin To Net: NetName=PDI_DATA Pin=J1-3
Added Pin To Net: NetName=PDI_DATA Pin=U1-34
Added Net: Name=PDI_DATA
Added Pin To Net: NetName=SCK Pin=J3-P5
Added Pin To Net: NetName=SCK Pin=U1-17
Added Net: Name=SCK
Added Pin To Net: NetName=SDI Pin=D1-4
Added Pin To Net: NetName=SDI Pin=U2-8
Added Net: Name=SDI
Added Pin To Net: NetName=SS Pin=J3-P2
Added Pin To Net: NetName=SS Pin=U1-14
Added Net: Name=SS
Added Pin To Net: NetName=USER BUTTON Pin=SW2-1
Added Pin To Net: NetName=USER BUTTON Pin=SW2-2
Added Pin To Net: NetName=USER BUTTON Pin=U1-23
Added Net: Name=USER BUTTON
Added Pin To Net: NetName=VCC_P3V3 Pin=C1-2
Added Pin To Net: NetName=VCC_P3V3 Pin=C2-2
Added Pin To Net: NetName=VCC_P3V3 Pin=C3-2
Added Pin To Net: NetName=VCC_P3V3 Pin=C4-2
Added Pin To Net: NetName=VCC_P3V3 Pin=C5-2
Added Pin To Net: NetName=VCC_P3V3 Pin=C9-2
Added Pin To Net: NetName=VCC_P3V3 Pin=C10-2
Added Pin To Net: NetName=VCC_P3V3 Pin=J1-4
Added Pin To Net: NetName=VCC_P3V3 Pin=J3-P4
Added Pin To Net: NetName=VCC_P3V3 Pin=R1-3
Added Pin To Net: NetName=VCC_P3V3 Pin=U1-9
Added Pin To Net: NetName=VCC_P3V3 Pin=U1-19
Added Pin To Net: NetName=VCC_P3V3 Pin=U1-31
Added Pin To Net: NetName=VCC_P3V3 Pin=U1-39
Added Pin To Net: NetName=VCC_P3V3 Pin=U2-3
Added Pin To Net: NetName=VCC_P3V3 Pin=U2-6
Added Pin To Net: NetName=VCC_P3V3 Pin=U3-2
Added Pin To Net: NetName=VCC_P3V3 Pin=U3-4
Added Net: Name=VCC_P3V3
Added Pin To Net: NetName=VDD Pin=C6-2
Added Pin To Net: NetName=VDD Pin=C7-2
Added Pin To Net: NetName=VDD Pin=C8-2
Added Pin To Net: NetName=VDD Pin=C11-2
Added Pin To Net: NetName=VDD Pin=C12-2
Added Pin To Net: NetName=VDD Pin=C13-2
Added Pin To Net: NetName=VDD Pin=C14-2
Added Pin To Net: NetName=VDD Pin=C16-2
Added Pin To Net: NetName=VDD Pin=D1-1
Added Pin To Net: NetName=VDD Pin=D2-1
Added Pin To Net: NetName=VDD Pin=D3-1
Added Pin To Net: NetName=VDD Pin=D4-1
Added Pin To Net: NetName=VDD Pin=D5-1
Added Pin To Net: NetName=VDD Pin=D6-1
Added Pin To Net: NetName=VDD Pin=D7-1
Added Pin To Net: NetName=VDD Pin=D8-1
Added Pin To Net: NetName=VDD Pin=D9-1
Added Pin To Net: NetName=VDD Pin=D10-1
Added Pin To Net: NetName=VDD Pin=D11-1
Added Pin To Net: NetName=VDD Pin=D12-1
Added Pin To Net: NetName=VDD Pin=D13-1
Added Pin To Net: NetName=VDD Pin=D14-1
Added Pin To Net: NetName=VDD Pin=D15-1
Added Pin To Net: NetName=VDD Pin=D16-1
Added Pin To Net: NetName=VDD Pin=D17-1
Added Pin To Net: NetName=VDD Pin=D18-1
Added Pin To Net: NetName=VDD Pin=D19-1
Added Pin To Net: NetName=VDD Pin=D20-1
Added Pin To Net: NetName=VDD Pin=D21-1
Added Pin To Net: NetName=VDD Pin=D22-1
Added Pin To Net: NetName=VDD Pin=D23-1
Added Pin To Net: NetName=VDD Pin=D24-1
Added Pin To Net: NetName=VDD Pin=D25-1
Added Pin To Net: NetName=VDD Pin=D26-1
Added Pin To Net: NetName=VDD Pin=D27-1
Added Pin To Net: NetName=VDD Pin=D28-1
Added Pin To Net: NetName=VDD Pin=D29-1
Added Pin To Net: NetName=VDD Pin=D30-1
Added Pin To Net: NetName=VDD Pin=D31-1
Added Pin To Net: NetName=VDD Pin=D32-1
Added Pin To Net: NetName=VDD Pin=D33-1
Added Pin To Net: NetName=VDD Pin=D34-1
Added Pin To Net: NetName=VDD Pin=D35-1
Added Pin To Net: NetName=VDD Pin=D36-1
Added Pin To Net: NetName=VDD Pin=D37-1
Added Pin To Net: NetName=VDD Pin=D38-1
Added Pin To Net: NetName=VDD Pin=D39-1
Added Pin To Net: NetName=VDD Pin=D40-1
Added Pin To Net: NetName=VDD Pin=D41-1
Added Pin To Net: NetName=VDD Pin=D42-1
Added Pin To Net: NetName=VDD Pin=D43-1
Added Pin To Net: NetName=VDD Pin=D44-1
Added Pin To Net: NetName=VDD Pin=D45-1
Added Pin To Net: NetName=VDD Pin=D46-1
Added Pin To Net: NetName=VDD Pin=D47-1
Added Pin To Net: NetName=VDD Pin=D48-1
Added Pin To Net: NetName=VDD Pin=D49-1
Added Pin To Net: NetName=VDD Pin=D50-1
Added Pin To Net: NetName=VDD Pin=D51-1
Added Pin To Net: NetName=VDD Pin=D52-1
Added Pin To Net: NetName=VDD Pin=D53-1
Added Pin To Net: NetName=VDD Pin=D54-1
Added Pin To Net: NetName=VDD Pin=D55-1
Added Pin To Net: NetName=VDD Pin=D56-1
Added Pin To Net: NetName=VDD Pin=D57-1
Added Pin To Net: NetName=VDD Pin=D58-1
Added Pin To Net: NetName=VDD Pin=D59-1
Added Pin To Net: NetName=VDD Pin=D60-1
Added Pin To Net: NetName=VDD Pin=D61-1
Added Pin To Net: NetName=VDD Pin=D62-1
Added Pin To Net: NetName=VDD Pin=D63-1
Added Pin To Net: NetName=VDD Pin=D64-1
Added Pin To Net: NetName=VDD Pin=D65-1
Added Pin To Net: NetName=VDD Pin=D66-1
Added Pin To Net: NetName=VDD Pin=D67-1
Added Pin To Net: NetName=VDD Pin=D68-1
Added Pin To Net: NetName=VDD Pin=D69-1
Added Pin To Net: NetName=VDD Pin=D70-1
Added Pin To Net: NetName=VDD Pin=D71-1
Added Pin To Net: NetName=VDD Pin=D72-1
Added Pin To Net: NetName=VDD Pin=D73-1
Added Pin To Net: NetName=VDD Pin=D74-1
Added Pin To Net: NetName=VDD Pin=D75-1
Added Pin To Net: NetName=VDD Pin=D76-1
Added Pin To Net: NetName=VDD Pin=D77-1
Added Pin To Net: NetName=VDD Pin=D78-1
Added Pin To Net: NetName=VDD Pin=D79-1
Added Pin To Net: NetName=VDD Pin=D80-1
Added Pin To Net: NetName=VDD Pin=D81-1
Added Pin To Net: NetName=VDD Pin=D82-1
Added Pin To Net: NetName=VDD Pin=D83-1
Added Pin To Net: NetName=VDD Pin=SW1-1
Added Pin To Net: NetName=VDD Pin=U2-7
Added Pin To Net: NetName=VDD Pin=U3-3
Added Net: Name=VDD
Added Class: Name=LEDs
Added Class: Name=Mikrolysreklamen
